-------------------------------------------------------------------------------
Test set: pt.jumia.phonevalidator.controller.InternationalPhoneNumberValidatorControllerIntegrationTest
-------------------------------------------------------------------------------
Tests run: 3, Failures: 3, Errors: 0, Skipped: 0, Time elapsed: 4.563 s <<< FAILURE! - in pt.jumia.phonevalidator.controller.InternationalPhoneNumberValidatorControllerIntegrationTest
isProperlySentShouldReturnFalse  Time elapsed: 0.513 s  <<< FAILURE!
java.lang.AssertionError: No value at JSON path "$.valid"
	at pt.jumia.phonevalidator.controller.InternationalPhoneNumberValidatorControllerIntegrationTest$WhenInvalidNumber.isProperlySentShouldReturnFalse(InternationalPhoneNumberValidatorControllerIntegrationTest.java:61)
Caused by: com.jayway.jsonpath.PathNotFoundException: No results for path: $['valid']
	at pt.jumia.phonevalidator.controller.InternationalPhoneNumberValidatorControllerIntegrationTest$WhenInvalidNumber.isProperlySentShouldReturnFalse(InternationalPhoneNumberValidatorControllerIntegrationTest.java:61)

isNotProperlySentShouldReturnError  Time elapsed: 0.026 s  <<< FAILURE!
java.lang.AssertionError: Status expected:<400> but was:<200>
	at pt.jumia.phonevalidator.controller.InternationalPhoneNumberValidatorControllerIntegrationTest$WhenValidNumber.isNotProperlySentShouldReturnError(InternationalPhoneNumberValidatorControllerIntegrationTest.java:47)

isProperlySentShouldReturnTrue  Time elapsed: 0.01 s  <<< FAILURE!
java.lang.AssertionError: No value at JSON path "$.valid"
	at pt.jumia.phonevalidator.controller.InternationalPhoneNumberValidatorControllerIntegrationTest$WhenValidNumber.isProperlySentShouldReturnTrue(InternationalPhoneNumberValidatorControllerIntegrationTest.java:39)
Caused by: com.jayway.jsonpath.PathNotFoundException: No results for path: $['valid']
	at pt.jumia.phonevalidator.controller.InternationalPhoneNumberValidatorControllerIntegrationTest$WhenValidNumber.isProperlySentShouldReturnTrue(InternationalPhoneNumberValidatorControllerIntegrationTest.java:39)

